8880 set_tid_address(274886984052,274886973824,16,427088,274886975744,1) = 8880
8880 brk(NULL) = 0x0000000000060000
8880 brk(0x0000000000067000) = 0x0000000000067000
8880 mprotect(0x0000000000057000,12288,PROT_READ) = 0
8880 set_tid_address(274886984052,360512,0,1,274886975744,1) = 8880
8880 rt_sigprocmask(SIG_UNBLOCK,0x00000040007ff3e0,NULL) = 0
8880 membarrier(16,0,0,8,0,274886979592) = 0
8880 mmap(NULL,167936,PROT_NONE,MAP_PRIVATE|MAP_ANONYMOUS,-1,0) = 0x00000040008aa000
8880 mprotect(0x00000040008ac000,159744,PROT_READ|PROT_WRITE) = 0
8880 rt_sigprocmask(SIG_BLOCK,0x00000040008a1460,0x00000040007ff3e0) = 0
8880 clone(CLONE_VM|CLONE_FS|CLONE_FILES|CLONE_SIGHAND|CLONE_THREAD|CLONE_SYSVSEM|CLONE_SETTLS|CLONE_PARENT_SETTID|CLONE_CHILD_CLEARTID|CLONE_DETACHED,child_stack=0x00000040008ccbd0,parent_tidptr=0x00000040008ccf58,tls=0x00000040008cd000,child_tidptr=0x00000040008a8174) = 8882
8880 rt_sigprocmask(SIG_SETMASK,0x00000040007ff3e0,NULL) = 0
8880 rt_sigprocmask(SIG_SETMASK,0x00000040008ccbf8,NULL) = 0
8880 mmap(NULL,167936,PROT_NONE,MAP_PRIVATE|MAP_ANONYMOUS,-1,0) = 0x00000040008d3000
8880 mprotect(0x00000040008d5000,159744,PROT_READ|PROT_WRITE) = 0
8880 rt_sigprocmask(SIG_BLOCK,0x00000040008a1460,0x00000040008ccb00) = 0
8880 rt_sigprocmask(SIG_BLOCK,0x00000040008a1460,0x00000040007ff3e0) = 0
8880 clone(CLONE_VM|CLONE_FS|CLONE_FILES|CLONE_SIGHAND|CLONE_THREAD|CLONE_SYSVSEM|CLONE_SETTLS|CLONE_PARENT_SETTID|CLONE_CHILD_CLEARTID|CLONE_DETACHED,child_stack=0x00000040008f5bd0,parent_tidptr=0x00000040008f5f58,tls=0x00000040008f6000,child_tidptr=0x00000040008a8174)8880 futex(0x00000040008a8174,FUTEX_WAIT,8880,NULL,0xffffffffffffffda,-38) = 8883
8880 futex(0x00000040008a8174,FUTEX_WAKE,1,0x00000040008f6000,0x00000040008a81cc,9077196) = 1
 = 8880 rt_sigprocmask(SIG_SETMASK,0x00000040007ff3e0,NULL) = 0
8880 mmap(NULL,167936,PROT_NONE,0MAP_PRIVATE
|MAP_ANONYMOUS,-1,0)8880 rt_sigprocmask(SIG_SETMASK,0x00000040008f5bf8,NULL) = 0
8880 rt_sigprocmask(SIG_BLOCK,0x00000040008a1460,0x00000040008f5b00) = 0
8880 futex(0x00000040008a8174,FUTEX_WAIT,8882,NULL,0xffffffffffffffda,-38)8880 futex(0x00000040008ccf60,FUTEX_PRIVATE_FLAG|FUTEX_WAKE,1,NULL,0x0000000000000002,2) = 0
8880 exit(0)
 = 0x00000040008fc000
8880 mprotect(0x00000040008fe000,159744,PROT_READ|PROT_WRITE) = 0
8880 rt_sigprocmask(SIG_BLOCK,0x00000040008a1460,0x00000040007ff3e0) = 0
8880 clone(CLONE_VM|CLONE_FS|CLONE_FILES|CLONE_SIGHAND|CLONE_THREAD|CLONE_SYSVSEM|CLONE_SETTLS|CLONE_PARENT_SETTID|CLONE_CHILD_CLEARTID|CLONE_DETACHED,child_stack=0x000000400091ebd0,parent_tidptr=0x000000400091ef58,tls=0x000000400091f000,child_tidptr=0x00000040008a8174) = 0
8880 futex(0x00000040008a8174,FUTEX_WAIT,8880,NULL,0xffffffffffffffda,-38) = 8884
8880 futex(0x00000040008a8174,FUTEX_WAKE,1,0x000000400091f000,0x00000040008a81cc,9077196) = 1
8880 rt_sigprocmask(SIG_SETMASK,0x00000040007ff3e0,NULL) = 0
8880 mmap(NULL,167936,PROT_NONE,MAP_PRIVATE|MAP_ANONYMOUS,-1,0) = 0
 = 8880 futex(0x00000040008f5f60,FUTEX_PRIVATE_FLAG|FUTEX_WAKE,1,NULL,0x0000000000000002,20x0000004000925000
8880 rt_sigprocmask(SIG_SETMASK,0x000000400091ebf8,NULL) = 0
8880 rt_sigprocmask(SIG_BLOCK,0x00000040008a1460,0x000000400091eb00) = 0
8880 futex(0x00000040008a8174,FUTEX_WAIT,8883,NULL,0xffffffffffffffda,-38)8880 mprotect(0x0000004000927000,159744,PROT_READ|PROT_WRITE)) = 0
8880 exit(0)
 = 0
8880 rt_sigprocmask(SIG_BLOCK,0x00000040008a1460,0x00000040007ff3e0) = 0
8880 clone(CLONE_VM|CLONE_FS|CLONE_FILES|CLONE_SIGHAND|CLONE_THREAD|CLONE_SYSVSEM|CLONE_SETTLS|CLONE_PARENT_SETTID|CLONE_CHILD_CLEARTID|CLONE_DETACHED,child_stack=0x0000004000947bd0,parent_tidptr=0x0000004000947f58,tls=0x0000004000948000,child_tidptr=0x00000040008a8174) = 0
8880 futex(0x00000040008a8174,FUTEX_WAIT,8880,NULL,0xffffffffffffffda,-38) = 8885
8880 futex(0x00000040008a8174,FUTEX_WAKE,1,0x0000004000948000,0x00000040008a81cc,9077196)8880 rt_sigprocmask(SIG_SETMASK,0x0000004000947bf8,NULL) = 0
 = 1
8880 rt_sigprocmask(SIG_BLOCK,0x00000040008a1460,0x0000004000947b008880 )rt_sigprocmask(SIG_SETMASK,0x00000040007ff3e0,NULL = )0
8880 futex(0x0000004000947f60,FUTEX_PRIVATE_FLAG|FUTEX_WAKE = ,1,0NULL,
8880 mmap(NULL,167936,PROT_NONE,MAP_PRIVATE|MAP_ANONYMOUS,-1,00x0000000000000002,2) = 0
8880 exit(0)
) = 0x000000400094e000
8880 mprotect(0x0000004000950000,159744,PROT_READ|PROT_WRITE) = 0
8880 rt_sigprocmask(SIG_BLOCK,0x00000040008a1460,0x00000040007ff3e0) = 0
8880 clone(CLONE_VM|CLONE_FS|CLONE_FILES|CLONE_SIGHAND|CLONE_THREAD|CLONE_SYSVSEM|CLONE_SETTLS|CLONE_PARENT_SETTID|CLONE_CHILD_CLEARTID|CLONE_DETACHED,child_stack=0x0000004000970bd0,parent_tidptr=0x0000004000970f58,tls=0x0000004000971000,child_tidptr=0x00000040008a8174) = 0
8880 futex(0x00000040008a8174,FUTEX_WAIT,8880,NULL,0xffffffffffffffda,-38) = 8886
8880 futex(0x00000040008a8174,FUTEX_WAKE,1,0x0000004000971000,0x00000040008a81cc,9077196) = 1
8880 rt_sigprocmask(SIG_SETMASK,0x00000040007ff3e0,NULL) = 0
8880 rt_sigprocmask(SIG_SETMASK,0x0000004000970bf8,NULL) = 0
8880 rt_sigprocmask(SIG_BLOCK,0x00000040008a1460,0x0000004000970b00) =  = 0
0
8880 futex(0x000000400091ef60,FUTEX_PRIVATE_FLAG|FUTEX_WAKE,1,NULL,0x0000000000000002,2) = 0
8880 exit(0)
8880 munmap(0x00000040008aa000,167936) = 0
8880 munmap(0x00000040008d3000,167936)8880 futex(0x00000040008a8174,FUTEX_WAIT = 0
8880 munmap(0x00000040008fc000,167936),8884,NULL, = 0xffffffffffffffda,0
8880 munmap(0x0000004000925000,167936)-38 = 0)
8880 futex(0x0000004000970f60,FUTEX_PRIVATE_FLAG|FUTEX_WAIT,1,NULL,NULL,0) = -1 errno=11 (Resource temporarily unavailable)
8880 futex(0x0000004000970f60,FUTEX_PRIVATE_FLAG|FUTEX_WAKE,1,NULL,0x0000000000000002,2) = 1
8880 exit(0)
 = 0
8880 munmap(0x000000400094e000,167936) = 0
8880 mmap(NULL,167936,PROT_NONE,MAP_PRIVATE|MAP_ANONYMOUS,-1,0) = 0x0000004000977000
8880 mprotect(0x0000004000979000,159744,PROT_READ|PROT_WRITE) = 0
8880 rt_sigprocmask(SIG_BLOCK,0x00000040008a1460,0x00000040007ff3e0) = 0
8880 clone(CLONE_VM|CLONE_FS|CLONE_FILES|CLONE_SIGHAND|CLONE_THREAD|CLONE_SYSVSEM|CLONE_SETTLS|CLONE_PARENT_SETTID|CLONE_CHILD_CLEARTID|CLONE_DETACHED,child_stack=0x0000004000999bd0,parent_tidptr=0x0000004000999f58,tls=0x000000400099a000,child_tidptr=0x00000040008a8174) = 8887
8880 rt_sigprocmask(SIG_SETMASK,0x00000040007ff3e0,NULL) = 0
8880 mmap(NULL,167936,PROT_NONE,MAP_PRIVATE|MAP_ANONYMOUS,-1,0)8880 rt_sigprocmask(SIG_SETMASK,0x0000004000999bf8,NULL) = 0
8880 rt_sigprocmask(SIG_BLOCK,0x00000040008a1460,0x0000004000999b00) = 0
8880 futex(0x0000004000999f60,FUTEX_PRIVATE_FLAG|FUTEX_WAKE,1,NULL,0x0000000000000002,2) = 0x00000040009a0000
8880  = mprotect(0x00000040009a2000,159744,PROT_READ|PROT_WRITE0
8880 )exit(0)
 = 0
8880 rt_sigprocmask(SIG_BLOCK,0x00000040008a1460,0x00000040007ff3e0) = 0
8880 clone(CLONE_VM|CLONE_FS|CLONE_FILES|CLONE_SIGHAND|CLONE_THREAD|CLONE_SYSVSEM|CLONE_SETTLS|CLONE_PARENT_SETTID|CLONE_CHILD_CLEARTID|CLONE_DETACHED,child_stack=0x00000040009c2bd0,parent_tidptr=0x00000040009c2f58,tls=0x00000040009c3000,child_tidptr=0x00000040008a8174) = 8888
8880 rt_sigprocmask(SIG_SETMASK,0x00000040007ff3e0,NULL) = 0
8880 rt_sigprocmask(SIG_SETMASK,0x00000040009c2bf8,NULL8880 )mmap(NULL,167936, = PROT_NONE,0MAP_PRIVATE
8880 rt_sigprocmask(SIG_BLOCK,0x00000040008a1460,0x00000040009c2b00) = 0
8880 futex(0x00000040009c2f60,FUTEX_PRIVATE_FLAG|FUTEX_WAKE,1,NULL,0x0000000000000002,2) = 0
8880 exit(0)
|MAP_ANONYMOUS,-1,0) = 0x00000040009c9000
8880 mprotect(0x00000040009cb000,159744,PROT_READ|PROT_WRITE) = 0
8880 rt_sigprocmask(SIG_BLOCK,0x00000040008a1460,0x00000040007ff3e0) = 0
8880 clone(CLONE_VM|CLONE_FS|CLONE_FILES|CLONE_SIGHAND|CLONE_THREAD|CLONE_SYSVSEM|CLONE_SETTLS|CLONE_PARENT_SETTID|CLONE_CHILD_CLEARTID|CLONE_DETACHED,child_stack=0x00000040009ebbd0,parent_tidptr=0x00000040009ebf58,tls=0x00000040009ec000,child_tidptr=0x00000040008a8174) = 8889
8880 rt_sigprocmask(SIG_SETMASK,0x00000040007ff3e0,NULL) = 0
8880 mmap(NULL,167936,PROT_NONE,MAP_PRIVATE|MAP_ANONYMOUS,-1,0) = 0x00000040009f2000
8880 mprotect(0x00000040009f4000,159744,PROT_READ|PROT_WRITE) = 0
8880 rt_sigprocmask(SIG_BLOCK,0x00000040008a1460,0x00000040007ff3e0) = 0
8880 clone(CLONE_VM|CLONE_FS|CLONE_FILES|CLONE_SIGHAND|CLONE_THREAD|CLONE_SYSVSEM|CLONE_SETTLS|CLONE_PARENT_SETTID|CLONE_CHILD_CLEARTID|CLONE_DETACHED,child_stack=0x0000004000a14bd0,parent_tidptr=0x0000004000a14f58,tls=0x0000004000a15000,child_tidptr=0x00000040008a8174)8880 rt_sigprocmask(SIG_SETMASK,0x00000040009ebbf8,NULL) = 0
8880 rt_sigprocmask(SIG_BLOCK,0x00000040008a1460,0x00000040009ebb00) = 0
8880 futex(0x00000040008a8174,FUTEX_WAIT,8880,NULL,0xffffffffffffffda,-38) = 8890
8880 futex(0x00000040008a8174,FUTEX_WAKE,1,0x0000004000a15000,0x00000040008a81cc,9077196) = 1
8880 rt_sigprocmask(SIG_SETMASK,0x00000040007ff3e0,NULL) = 0
 = 0
8880 futex(0x00000040009ebf60,FUTEX_PRIVATE_FLAG|FUTEX_WAKE,1,NULL,8880 0x0000000000000002,mmap(NULL,2)167936,PROT_NONE, = MAP_PRIVATE0|MAP_ANONYMOUS,-1,0)
8880 exit(0)
 = 0x0000004000a1b000
8880 mprotect(0x0000004000a1d000,159744,PROT_READ|PROT_WRITE) = 0
8880 rt_sigprocmask(SIG_BLOCK,0x00000040008a1460,0x00000040007ff3e0) = 0
8880 clone(CLONE_VM|CLONE_FS|CLONE_FILES|CLONE_SIGHAND|CLONE_THREAD|CLONE_SYSVSEM|CLONE_SETTLS|CLONE_PARENT_SETTID|CLONE_CHILD_CLEARTID|CLONE_DETACHED,child_stack=0x0000004000a3dbd0,parent_tidptr=0x0000004000a3df58,tls=0x0000004000a3e000,child_tidptr=0x00000040008a8174) = 8891
8880 rt_sigprocmask(SIG_SETMASK,0x00000040007ff3e0,NULL) = 0
8880 munmap(0x0000004000977000,167936)8880 rt_sigprocmask(SIG_SETMASK,0x0000004000a14bf8,NULL) = 0
 = 0
8880 munmap(0x00000040009a0000,167936)8880 rt_sigprocmask(SIG_BLOCK,0x00000040008a1460,0x0000004000a14b00) = 0
8880 futex( = 0x0000004000a14f60,0FUTEX_PRIVATE_FLAG|
FUTEX_WAKE,1,NULL,0x0000000000000002,2) = 0
8880 exit(0)
8880 munmap(0x00000040009c9000,167936) = 0
8880 munmap(0x00000040009f2000,167936) = 0
8880 futex(0x0000004000a3df60,FUTEX_PRIVATE_FLAG|FUTEX_WAIT,1,NULL,NULL,0)8880 rt_sigprocmask(SIG_SETMASK,0x0000004000a3dbf8,NULL) = 0
8880 rt_sigprocmask(SIG_BLOCK,0x00000040008a1460,0x0000004000a3db00) = 0
8880 futex(0x0000004000a3df60,FUTEX_PRIVATE_FLAG|FUTEX_WAKE,1,NULL,0x0000000000000002,2) = 1
8880 exit(0)
 = 0
8880 munmap(0x0000004000a1b000,167936) = 0
8880 exit_group(0)
