14791 set_tid_address(274887061072,274886306488,274887060344,274886819088,31855584,67108864) = 14791
14791 brk(NULL) = 0x0000000120054000
14791 brk(0x000000012005c000) = 0x000000012005c000
14791 mmap(0x0000000120054000,16384,PROT_NONE,MAP_PRIVATE|MAP_ANONYMOUS|MAP_FIXED,-1,0) = 0x0000000120054000
14791 mmap(NULL,114688,PROT_READ|PROT_WRITE,MAP_PRIVATE|MAP_ANONYMOUS,-1,0) = 0x00000040008c0000
14791 mprotect(0x0000000120048000,16384,PROT_READ) = 0
14791 set_tid_address(274887061072,4832141312,1,4831857696,34449992,4832145968) = 14791
14791 rt_sigprocmask(SIG_UNBLOCK,0x0000004000802780,NULL) = -1 errno=22 (Invalid argument)
14791 membarrier(16,0,0,8,274886433668,0) = 0
14791 mmap(NULL,196608,PROT_NONE,MAP_PRIVATE|MAP_ANONYMOUS,-1,0) = 0x00000040008dc000
14791 mprotect(0x00000040008e0000,180224,PROT_READ|PROT_WRITE) = 0
14791 rt_sigprocmask(SIG_BLOCK,0x00000040008b0228,0x0000004000802780) = -1 errno=22 (Invalid argument)
14791 clone(CLONE_VM|CLONE_FS|CLONE_FILES|CLONE_SIGHAND|CLONE_THREAD|CLONE_SYSVSEM|CLONE_SETTLS|CLONE_PARENT_SETTID|CLONE_CHILD_CLEARTID|CLONE_DETACHED,child_stack=0x0000004000903bd0,parent_tidptr=0x0000004000903f58,tls=0x0000004000904000,child_tidptr=0x00000040008bae50) = 14793
14791 rt_sigprocmask(SIG_SETMASK,0x0000004000802780,NULL) = -1 errno=22 (Invalid argument)
14791 rt_sigprocmask(SIG_SETMASK,0x0000004000903bf8,NULL) = -1 errno=22 (Invalid argument)
14791 mmap(NULL,196608,PROT_NONE,MAP_PRIVATE|MAP_ANONYMOUS,-1,0)14791 rt_sigprocmask(SIG_BLOCK,0x00000040008b0228,0x0000004000903af0) = -1 errno=22 (Invalid argument)
14791 futex(0x0000004000903f60,FUTEX_PRIVATE_FLAG|FUTEX_WAKE,1,0x00000040008ba598,0x0000000040000000,1073741824) = 0
14791 exit(0)
 = 0x000000400090c000
14791 mprotect(0x0000004000910000,180224,PROT_READ|PROT_WRITE) = 0
14791 rt_sigprocmask(SIG_BLOCK,0x00000040008b0228,0x0000004000802780) = -1 errno=22 (Invalid argument)
14791 clone(CLONE_VM|CLONE_FS|CLONE_FILES|CLONE_SIGHAND|CLONE_THREAD|CLONE_SYSVSEM|CLONE_SETTLS|CLONE_PARENT_SETTID|CLONE_CHILD_CLEARTID|CLONE_DETACHED,child_stack=0x0000004000933bd0,parent_tidptr=0x0000004000933f58,tls=0x0000004000934000,child_tidptr=0x00000040008bae50) = 14794
14791 rt_sigprocmask(SIG_SETMASK,0x0000004000802780,NULL) = -1 errno=22 (Invalid argument)
14791 mmap(NULL,196608,PROT_NONE,MAP_PRIVATE|MAP_ANONYMOUS,-1,0)14791 rt_sigprocmask(SIG_SETMASK,0x0000004000933bf8,NULL) = -1 errno=22 (Invalid argument)
14791 rt_sigprocmask(SIG_BLOCK,0x00000040008b0228,0x0000004000933af0) = -1 errno=22 (Invalid argument)
14791 futex(0x0000004000933f60,FUTEX_PRIVATE_FLAG|FUTEX_WAKE,1,0x00000040008ba598,0x0000000040000000,1073741824) = 0
14791 exit(0)
 = 0x000000400093c000
14791 mprotect(0x0000004000940000,180224,PROT_READ|PROT_WRITE) = 0
14791 rt_sigprocmask(SIG_BLOCK,0x00000040008b0228,0x0000004000802780) = -1 errno=22 (Invalid argument)
14791 clone(CLONE_VM|CLONE_FS|CLONE_FILES|CLONE_SIGHAND|CLONE_THREAD|CLONE_SYSVSEM|CLONE_SETTLS|CLONE_PARENT_SETTID|CLONE_CHILD_CLEARTID|CLONE_DETACHED,child_stack=0x0000004000963bd0,parent_tidptr=0x0000004000963f58,tls=0x0000004000964000,child_tidptr=0x00000040008bae50) = 14795
14791 rt_sigprocmask(SIG_SETMASK,0x0000004000802780,NULL) = -1 errno=22 (Invalid argument)
14791 mmap(NULL,196608,PROT_NONE,MAP_PRIVATE|MAP_ANONYMOUS,-1,0)14791 rt_sigprocmask(SIG_SETMASK,0x0000004000963bf8,NULL) = -1 errno=22 (Invalid argument)
14791 rt_sigprocmask(SIG_BLOCK,0x00000040008b0228,0x0000004000963af0) = -1 errno=22 (Invalid argument)
14791 futex(0x0000004000963f60,FUTEX_PRIVATE_FLAG|FUTEX_WAKE,1,0x00000040008ba598,0x0000000040000000,1073741824) = 0
14791 exit(0)
 = 0x000000400096c000
14791 mprotect(0x0000004000970000,180224,PROT_READ|PROT_WRITE) = 0
14791 rt_sigprocmask(SIG_BLOCK,0x00000040008b0228,0x0000004000802780) = -1 errno=22 (Invalid argument)
14791 clone(CLONE_VM|CLONE_FS|CLONE_FILES|CLONE_SIGHAND|CLONE_THREAD|CLONE_SYSVSEM|CLONE_SETTLS|CLONE_PARENT_SETTID|CLONE_CHILD_CLEARTID|CLONE_DETACHED,child_stack=0x0000004000993bd0,parent_tidptr=0x0000004000993f58,tls=0x0000004000994000,child_tidptr=0x00000040008bae50) = 14796
14791 rt_sigprocmask(SIG_SETMASK,0x0000004000802780,NULL) = -1 errno=22 (Invalid argument)
14791 mmap(NULL,196608,PROT_NONE,MAP_PRIVATE|MAP_ANONYMOUS,-1,0) = 0x000000400099c000
14791 mprotect(0x00000040009a0000,180224,PROT_READ|PROT_WRITE) = 0
14791 rt_sigprocmask(SIG_SETMASK,0x0000004000993bf8,NULL) = -1 errno=22 (Invalid argument)
14791 rt_sigprocmask(SIG_BLOCK,0x00000040008b0228,0x0000004000993af0) = -1 errno=22 (Invalid argument)
14791 futex(0x0000004000993f60,FUTEX_PRIVATE_FLAG|FUTEX_WAKE,1,0x00000040008ba598,0x0000000040000000,1073741824) = 0
14791 exit(0)
14791 rt_sigprocmask(SIG_BLOCK,0x00000040008b0228,0x0000004000802780) = -1 errno=22 (Invalid argument)
14791 clone(CLONE_VM|CLONE_FS|CLONE_FILES|CLONE_SIGHAND|CLONE_THREAD|CLONE_SYSVSEM|CLONE_SETTLS|CLONE_PARENT_SETTID|CLONE_CHILD_CLEARTID|CLONE_DETACHED,child_stack=0x00000040009c3bd0,parent_tidptr=0x00000040009c3f58,tls=0x00000040009c4000,child_tidptr=0x00000040008bae50) = 14797
14791 rt_sigprocmask(SIG_SETMASK,0x0000004000802780,NULL) = -1 errno=22 (Invalid argument)
14791 rt_sigprocmask(SIG_SETMASK,0x00000040009c3bf8,NULL) = -1 errno=22 (Invalid argument)
14791 rt_sigprocmask(SIG_BLOCK,0x00000040008b0228,0x00000040009c3af0) = -1 errno=22 (Invalid argument)
14791 futex(0x00000040009c3f60,FUTEX_PRIVATE_FLAG|FUTEX_WAKE,1,0x00000040008ba598,0x0000000040000000,1073741824) = 0
14791 exit(0)
14791 munmap(0x00000040008dc000,196608) = 0
14791 munmap(0x000000400090c000,196608) = 0
14791 munmap(0x000000400093c000,196608) = 0
14791 munmap(0x000000400096c000,196608) = 0
14791 munmap(0x000000400099c000,196608) = 0
14791 mmap(NULL,196608,PROT_NONE,MAP_PRIVATE|MAP_ANONYMOUS,-1,0) = 0x00000040009cc000
14791 mprotect(0x00000040009d0000,180224,PROT_READ|PROT_WRITE) = 0
14791 rt_sigprocmask(SIG_BLOCK,0x00000040008b0228,0x0000004000802780) = -1 errno=22 (Invalid argument)
14791 clone(CLONE_VM|CLONE_FS|CLONE_FILES|CLONE_SIGHAND|CLONE_THREAD|CLONE_SYSVSEM|CLONE_SETTLS|CLONE_PARENT_SETTID|CLONE_CHILD_CLEARTID|CLONE_DETACHED,child_stack=0x00000040009f3bd0,parent_tidptr=0x00000040009f3f58,tls=0x00000040009f4000,child_tidptr=0x00000040008bae50) = 14798
14791 rt_sigprocmask(SIG_SETMASK,0x0000004000802780,NULL) = -1 errno=22 (Invalid argument)
14791 mmap(NULL,196608,PROT_NONE,MAP_PRIVATE|MAP_ANONYMOUS,-1,0) = 0x00000040009fc000
14791 mprotect(0x0000004000a00000,180224,PROT_READ|PROT_WRITE) = 0
14791 rt_sigprocmask(SIG_SETMASK,0x00000040009f3bf8,NULL) = -1 errno=22 (Invalid argument)
14791 rt_sigprocmask(SIG_BLOCK,0x00000040008b0228,0x00000040009f3af0) = -1 errno=22 (Invalid argument)
14791 futex(0x00000040009f3f60,FUTEX_PRIVATE_FLAG|FUTEX_WAKE,1,0x00000040008ba598,0x0000000040000000,1073741824) = 0
14791 exit(0)
14791 rt_sigprocmask(SIG_BLOCK,0x00000040008b0228,0x0000004000802780) = -1 errno=22 (Invalid argument)
14791 clone(CLONE_VM|CLONE_FS|CLONE_FILES|CLONE_SIGHAND|CLONE_THREAD|CLONE_SYSVSEM|CLONE_SETTLS|CLONE_PARENT_SETTID|CLONE_CHILD_CLEARTID|CLONE_DETACHED,child_stack=0x0000004000a23bd0,parent_tidptr=0x0000004000a23f58,tls=0x0000004000a24000,child_tidptr=0x00000040008bae50) = 14799
14791 rt_sigprocmask(SIG_SETMASK,0x0000004000802780,NULL) = -1 errno=22 (Invalid argument)
14791 mmap(NULL,196608,PROT_NONE,MAP_PRIVATE|MAP_ANONYMOUS,-1,0) = 0x0000004000a2c000
14791 rt_sigprocmask(SIG_SETMASK,0x0000004000a23bf8,NULL) = -1 errno=22 (Invalid argument)
14791 rt_sigprocmask(SIG_BLOCK,0x00000040008b0228,0x0000004000a23af0) = -1 errno=22 (Invalid argument)
14791 futex(0x0000004000a23f60,FUTEX_PRIVATE_FLAG|FUTEX_WAKE,1,0x00000040008ba598,0x0000000040000000,1073741824) = 0
14791 exit(0)
14791 mprotect(0x0000004000a30000,180224,PROT_READ|PROT_WRITE) = 0
14791 rt_sigprocmask(SIG_BLOCK,0x00000040008b0228,0x0000004000802780) = -1 errno=22 (Invalid argument)
14791 clone(CLONE_VM|CLONE_FS|CLONE_FILES|CLONE_SIGHAND|CLONE_THREAD|CLONE_SYSVSEM|CLONE_SETTLS|CLONE_PARENT_SETTID|CLONE_CHILD_CLEARTID|CLONE_DETACHED,child_stack=0x0000004000a53bd0,parent_tidptr=0x0000004000a53f58,tls=0x0000004000a54000,child_tidptr=0x00000040008bae50) = 14800
14791 rt_sigprocmask(SIG_SETMASK,0x0000004000802780,NULL) = -1 errno=22 (Invalid argument)
14791 mmap(NULL,196608,PROT_NONE,MAP_PRIVATE|MAP_ANONYMOUS,-1,0) = 0x0000004000a5c000
14791 mprotect(0x0000004000a60000,180224,PROT_READ|PROT_WRITE) = 0
14791 rt_sigprocmask(SIG_BLOCK,0x00000040008b0228,0x0000004000802780) = -1 errno=22 (Invalid argument)
14791 rt_sigprocmask(SIG_SETMASK,0x0000004000a53bf8,NULL) = -1 errno=22 (Invalid argument)
14791 clone(CLONE_VM|CLONE_FS|CLONE_FILES|CLONE_SIGHAND|CLONE_THREAD|CLONE_SYSVSEM|CLONE_SETTLS|CLONE_PARENT_SETTID|CLONE_CHILD_CLEARTID|CLONE_DETACHED,child_stack=0x0000004000a83bd0,parent_tidptr=0x0000004000a83f58,tls=0x0000004000a84000,child_tidptr=0x00000040008bae50)14791 rt_sigprocmask(SIG_BLOCK,0x00000040008b0228,0x0000004000a53af0) = -1 errno=22 (Invalid argument)
 = 14801
14791 rt_sigprocmask(SIG_SETMASK,0x0000004000a83bf8,NULL) = -1 errno=22 (Invalid argument)
14791 rt_sigprocmask(SIG_BLOCK,0x00000040008b0228,0x0000004000a83af0) = -1 errno=22 (Invalid argument)
14791 futex(0x00000040008bae50,FUTEX_WAIT,14791,NULL,0x00000040008baea8,9154216) = -1 errno=11 (Resource temporarily unavailable)
14791 futex(0x0000004000a83f60,FUTEX_PRIVATE_FLAG|FUTEX_WAKE,1,0x00000040008ba598,0x0000000040000000,1073741824) = 0
14791 exit(0)
14791 futex(0x00000040008bae50,FUTEX_WAKE,1,0x00000040008bae50,0x0000004000a84000,11026432) = 0
14791 futex(0x0000004000a53f60,FUTEX_PRIVATE_FLAG|FUTEX_WAKE,1,0x00000040008ba598,0x0000000040000000,1073741824) = 0
14791 exit(0)
14791 rt_sigprocmask(SIG_SETMASK,0x0000004000802780,NULL) = -1 errno=22 (Invalid argument)
14791 mmap(NULL,196608,PROT_NONE,MAP_PRIVATE|MAP_ANONYMOUS,-1,0) = 0x0000004000a8c000
14791 mprotect(0x0000004000a90000,180224,PROT_READ|PROT_WRITE) = 0
14791 rt_sigprocmask(SIG_BLOCK,0x00000040008b0228,0x0000004000802780) = -1 errno=22 (Invalid argument)
14791 clone(CLONE_VM|CLONE_FS|CLONE_FILES|CLONE_SIGHAND|CLONE_THREAD|CLONE_SYSVSEM|CLONE_SETTLS|CLONE_PARENT_SETTID|CLONE_CHILD_CLEARTID|CLONE_DETACHED,child_stack=0x0000004000ab3bd0,parent_tidptr=0x0000004000ab3f58,tls=0x0000004000ab4000,child_tidptr=0x00000040008bae50) = 14802
14791 rt_sigprocmask(SIG_SETMASK,0x0000004000802780,NULL) = -1 errno=22 (Invalid argument)
14791 munmap(0x00000040009cc000,196608) = 0
14791 munmap(0x00000040009fc000,196608)14791 rt_sigprocmask(SIG_SETMASK,0x0000004000ab3bf8,NULL) = -1 errno=22 (Invalid argument)
14791 rt_sigprocmask(SIG_BLOCK,0x00000040008b0228,0x0000004000ab3af0) = -1 errno=22 (Invalid argument)
14791 futex(0x0000004000ab3f60,FUTEX_PRIVATE_FLAG|FUTEX_WAKE,1,0x00000040008ba598,0x0000000040000000,1073741824) = 0
14791 exit(0)
 = 0
14791 munmap(0x0000004000a2c000,196608) = 0
14791 munmap(0x0000004000a5c000,196608) = 0
14791 munmap(0x0000004000a8c000,196608) = 0
14791 exit_group(0)
